0 info it worked if it ends with ok
1 verbose cli [ 'c:\\Program Files\\nodejs\\node.exe',
1 verbose cli   'c:\\Program Files\\nodejs\\node_modules\\npm\\bin\\npm-cli.js',
1 verbose cli   'install',
1 verbose cli   'autoprefixer',
1 verbose cli   'save-dev' ]
2 info using npm@1.4.28
3 info using node@v0.10.33
4 warn package.json modalwindow@ No description
5 warn package.json modalwindow@ No repository field.
6 warn package.json modalwindow@ No README data
7 verbose readDependencies using package.json deps
8 verbose cache add [ 'autoprefixer', null ]
9 verbose cache add name=undefined spec="autoprefixer" args=["autoprefixer",null]
10 verbose parsed url { protocol: null,
10 verbose parsed url   slashes: null,
10 verbose parsed url   auth: null,
10 verbose parsed url   host: null,
10 verbose parsed url   port: null,
10 verbose parsed url   hostname: null,
10 verbose parsed url   hash: null,
10 verbose parsed url   search: null,
10 verbose parsed url   query: null,
10 verbose parsed url   pathname: 'autoprefixer',
10 verbose parsed url   path: 'autoprefixer',
10 verbose parsed url   href: 'autoprefixer' }
11 verbose cache add [ 'save-dev', null ]
12 verbose cache add name=undefined spec="save-dev" args=["save-dev",null]
13 verbose parsed url { protocol: null,
13 verbose parsed url   slashes: null,
13 verbose parsed url   auth: null,
13 verbose parsed url   host: null,
13 verbose parsed url   port: null,
13 verbose parsed url   hostname: null,
13 verbose parsed url   hash: null,
13 verbose parsed url   search: null,
13 verbose parsed url   query: null,
13 verbose parsed url   pathname: 'save-dev',
13 verbose parsed url   path: 'save-dev',
13 verbose parsed url   href: 'save-dev' }
14 silly lockFile 87dfe145-autoprefixer autoprefixer
15 verbose lock autoprefixer C:\Users\Constantine\AppData\Roaming\npm-cache\87dfe145-autoprefixer.lock
16 silly lockFile 80ff035d-save-dev save-dev
17 verbose lock save-dev C:\Users\Constantine\AppData\Roaming\npm-cache\80ff035d-save-dev.lock
18 silly lockFile 80ff035d-save-dev save-dev
19 silly lockFile 80ff035d-save-dev save-dev
20 silly lockFile 87dfe145-autoprefixer autoprefixer
21 silly lockFile 87dfe145-autoprefixer autoprefixer
22 verbose addNamed [ 'save-dev', '' ]
23 verbose addNamed [ null, '*' ]
24 silly lockFile e7602a59-save-dev save-dev@
25 verbose lock save-dev@ C:\Users\Constantine\AppData\Roaming\npm-cache\e7602a59-save-dev.lock
26 verbose addNamed [ 'autoprefixer', '' ]
27 verbose addNamed [ null, '*' ]
28 silly lockFile 5b54af58-autoprefixer autoprefixer@
29 verbose lock autoprefixer@ C:\Users\Constantine\AppData\Roaming\npm-cache\5b54af58-autoprefixer.lock
30 silly addNameRange { name: 'save-dev', range: '*', hasData: false }
31 verbose request where is /save-dev
32 verbose request registry https://registry.npmjs.org/
33 verbose request id e0659a119e79ec3f
34 verbose url raw /save-dev
35 verbose url resolving [ 'https://registry.npmjs.org/', './save-dev' ]
36 verbose url resolved https://registry.npmjs.org/save-dev
37 verbose request where is https://registry.npmjs.org/save-dev
38 info trying registry request attempt 1 at 18:59:00
39 http GET https://registry.npmjs.org/save-dev
40 silly addNameRange { name: 'autoprefixer', range: '*', hasData: false }
41 verbose request where is /autoprefixer
42 verbose request registry https://registry.npmjs.org/
43 verbose url raw /autoprefixer
44 verbose url resolving [ 'https://registry.npmjs.org/', './autoprefixer' ]
45 verbose url resolved https://registry.npmjs.org/autoprefixer
46 verbose request where is https://registry.npmjs.org/autoprefixer
47 info trying registry request attempt 1 at 18:59:00
48 verbose etag "BKUTMY8W6ETUALHKEE9AV51PC"
49 http GET https://registry.npmjs.org/autoprefixer
50 http 404 https://registry.npmjs.org/save-dev
51 verbose headers { date: 'Fri, 05 Dec 2014 16:59:01 GMT',
51 verbose headers   server: 'CouchDB/1.5.0 (Erlang OTP/R16B03)',
51 verbose headers   'content-type': 'application/json',
51 verbose headers   'cache-control': 'max-age=0',
51 verbose headers   'content-length': '52',
51 verbose headers   'accept-ranges': 'bytes',
51 verbose headers   via: '1.1 varnish',
51 verbose headers   age: '0',
51 verbose headers   'x-served-by': 'cache-ams4148-AMS',
51 verbose headers   'x-cache': 'MISS',
51 verbose headers   'x-cache-hits': '0',
51 verbose headers   'x-timer': 'S1417798741.803758,VS0,VE167',
51 verbose headers   'keep-alive': 'timeout=10, max=50',
51 verbose headers   connection: 'Keep-Alive' }
52 silly registry.get cb [ 404,
52 silly registry.get   { date: 'Fri, 05 Dec 2014 16:59:01 GMT',
52 silly registry.get     server: 'CouchDB/1.5.0 (Erlang OTP/R16B03)',
52 silly registry.get     'content-type': 'application/json',
52 silly registry.get     'cache-control': 'max-age=0',
52 silly registry.get     'content-length': '52',
52 silly registry.get     'accept-ranges': 'bytes',
52 silly registry.get     via: '1.1 varnish',
52 silly registry.get     age: '0',
52 silly registry.get     'x-served-by': 'cache-ams4148-AMS',
52 silly registry.get     'x-cache': 'MISS',
52 silly registry.get     'x-cache-hits': '0',
52 silly registry.get     'x-timer': 'S1417798741.803758,VS0,VE167',
52 silly registry.get     'keep-alive': 'timeout=10, max=50',
52 silly registry.get     connection: 'Keep-Alive' } ]
53 silly lockFile e7602a59-save-dev save-dev@
54 silly lockFile e7602a59-save-dev save-dev@
55 http 200 https://registry.npmjs.org/autoprefixer
56 silly registry.get cb [ 200,
56 silly registry.get   { date: 'Fri, 05 Dec 2014 16:59:01 GMT',
56 silly registry.get     server: 'CouchDB/1.5.0 (Erlang OTP/R16B03)',
56 silly registry.get     etag: '"BJZC5C7MFV80X77PSIDTRX96Z"',
56 silly registry.get     'content-type': 'application/json',
56 silly registry.get     'cache-control': 'max-age=60',
56 silly registry.get     'content-length': '120217',
56 silly registry.get     'accept-ranges': 'bytes',
56 silly registry.get     via: '1.1 varnish',
56 silly registry.get     age: '0',
56 silly registry.get     'x-served-by': 'cache-ams4131-AMS',
56 silly registry.get     'x-cache': 'HIT',
56 silly registry.get     'x-cache-hits': '1',
56 silly registry.get     'x-timer': 'S1417798741.811156,VS0,VE161',
56 silly registry.get     vary: 'Accept',
56 silly registry.get     'keep-alive': 'timeout=10, max=50',
56 silly registry.get     connection: 'Keep-Alive' } ]
57 silly addNameRange number 2 { name: 'autoprefixer', range: '*', hasData: true }
58 silly addNameRange versions [ 'autoprefixer',
58 silly addNameRange   [ '0.1.20130409',
58 silly addNameRange     '0.2.20130413',
58 silly addNameRange     '0.3.20130423',
58 silly addNameRange     '0.3.20130424',
58 silly addNameRange     '0.3.20130427',
58 silly addNameRange     '0.3.20130502',
58 silly addNameRange     '0.4.20130507',
58 silly addNameRange     '0.4.20130515',
58 silly addNameRange     '0.4.20130521',
58 silly addNameRange     '0.4.20130524',
58 silly addNameRange     '0.4.20130528',
58 silly addNameRange     '0.4.20130530',
58 silly addNameRange     '0.4.20130603',
58 silly addNameRange     '0.5.20130615',
58 silly addNameRange     '0.5.20130616',
58 silly addNameRange     '0.5.20130617',
58 silly addNameRange     '0.5.20130625',
58 silly addNameRange     '0.5.20130626',
58 silly addNameRange     '0.5.20130629',
58 silly addNameRange     '0.6.20130716',
58 silly addNameRange     '0.6.20130721',
58 silly addNameRange     '0.6.20130728',
58 silly addNameRange     '0.6.20130729',
58 silly addNameRange     '0.6.20130730',
58 silly addNameRange     '0.6.20130731',
58 silly addNameRange     '0.7.20130805',
58 silly addNameRange     '0.7.20130806',
58 silly addNameRange     '0.7.20130807',
58 silly addNameRange     '0.7.20130808',
58 silly addNameRange     '0.7.20130810',
58 silly addNameRange     '0.7.20130824',
58 silly addNameRange     '0.8.20130902',
58 silly addNameRange     '0.8.20130903',
58 silly addNameRange     '0.8.20130906',
58 silly addNameRange     '0.8.20130911',
58 silly addNameRange     '0.8.20130919',
58 silly addNameRange     '0.8.20130923',
58 silly addNameRange     '0.8.20131001',
58 silly addNameRange     '0.8.20131006',
58 silly addNameRange     '0.8.20131007',
58 silly addNameRange     '0.8.20131009',
58 silly addNameRange     '0.8.20131015',
58 silly addNameRange     '0.8.20131017',
58 silly addNameRange     '0.8.20131020',
58 silly addNameRange     '0.8.20131029',
58 silly addNameRange     '0.8.20131104',
58 silly addNameRange     '0.8.20131209',
58 silly addNameRange     '0.8.20131213',
58 silly addNameRange     '1.0.20131222',
58 silly addNameRange     '1.0.20140103',
58 silly addNameRange     '1.0.20140109',
58 silly addNameRange     '1.0.20140110',
58 silly addNameRange     '1.0.20140117',
58 silly addNameRange     '1.0.20140130',
58 silly addNameRange     '1.0.20140203',
58 silly addNameRange     '1.0.20140213',
58 silly addNameRange     '1.1.20140218',
58 silly addNameRange     '1.1.20140222',
58 silly addNameRange     '1.1.20140226',
58 silly addNameRange     '1.1.20140302',
58 silly addNameRange     '1.1.20140319',
58 silly addNameRange     '1.1.20140327',
58 silly addNameRange     '1.1.20140403',
58 silly addNameRange     '1.1.20140410',
58 silly addNameRange     '1.1.20140429',
58 silly addNameRange     '1.1.20140430',
58 silly addNameRange     '1.1.20140510',
58 silly addNameRange     '1.1.20140512',
58 silly addNameRange     '1.1.20140521',
58 silly addNameRange     '1.1.20140523',
58 silly addNameRange     '1.1.20140605',
58 silly addNameRange     '1.2.0',
58 silly addNameRange     '1.3.0',
58 silly addNameRange     '1.3.1',
58 silly addNameRange     '2.0.0',
58 silly addNameRange     '2.0.1',
58 silly addNameRange     '2.0.2',
58 silly addNameRange     '2.1.0',
58 silly addNameRange     '2.1.1',
58 silly addNameRange     '2.2.0',
58 silly addNameRange     '3.0.0',
58 silly addNameRange     '3.1.0',
58 silly addNameRange     '4.0.0' ] ]
59 verbose addNamed [ 'autoprefixer', '4.0.0' ]
60 verbose addNamed [ '4.0.0', '4.0.0' ]
61 silly lockFile d1b76b1d-autoprefixer-4-0-0 autoprefixer@4.0.0
62 verbose lock autoprefixer@4.0.0 C:\Users\Constantine\AppData\Roaming\npm-cache\d1b76b1d-autoprefixer-4-0-0.lock
63 silly lockFile 035a323b-oprefixer-autoprefixer-4-0-0-tgz https://registry.npmjs.org/autoprefixer/-/autoprefixer-4.0.0.tgz
64 verbose lock https://registry.npmjs.org/autoprefixer/-/autoprefixer-4.0.0.tgz C:\Users\Constantine\AppData\Roaming\npm-cache\035a323b-oprefixer-autoprefixer-4-0-0-tgz.lock
65 verbose addRemoteTarball [ 'https://registry.npmjs.org/autoprefixer/-/autoprefixer-4.0.0.tgz',
65 verbose addRemoteTarball   'bf58b968008aca51b0945b48df0c6f4ca2cba046' ]
66 info retry fetch attempt 1 at 18:59:01
67 verbose fetch to= C:\Users\CONSTA~1\AppData\Local\Temp\npm-15668-3vET-4O_\registry.npmjs.org\autoprefixer\-\autoprefixer-4.0.0.tgz
68 http GET https://registry.npmjs.org/autoprefixer/-/autoprefixer-4.0.0.tgz
69 http 200 https://registry.npmjs.org/autoprefixer/-/autoprefixer-4.0.0.tgz
70 silly lockFile 035a323b-oprefixer-autoprefixer-4-0-0-tgz https://registry.npmjs.org/autoprefixer/-/autoprefixer-4.0.0.tgz
71 silly lockFile 035a323b-oprefixer-autoprefixer-4-0-0-tgz https://registry.npmjs.org/autoprefixer/-/autoprefixer-4.0.0.tgz
72 silly lockFile d1b76b1d-autoprefixer-4-0-0 autoprefixer@4.0.0
73 silly lockFile d1b76b1d-autoprefixer-4-0-0 autoprefixer@4.0.0
74 silly lockFile 5b54af58-autoprefixer autoprefixer@
75 silly lockFile 5b54af58-autoprefixer autoprefixer@
76 error 404 404 Not Found: save-dev
76 error 404
76 error 404 'save-dev' is not in the npm registry.
76 error 404 You should bug the author to publish it
76 error 404 It was specified as a dependency of 'modalwindow'
76 error 404
76 error 404 Note that you can also install from a
76 error 404 tarball, folder, or http url, or git url.
77 error System Windows_NT 6.2.9200
78 error command "c:\\Program Files\\nodejs\\node.exe" "c:\\Program Files\\nodejs\\node_modules\\npm\\bin\\npm-cli.js" "install" "autoprefixer" "save-dev"
79 error cwd f:\Projects\GItHub\modalWindow
80 error node -v v0.10.33
81 error npm -v 1.4.28
82 error code E404
83 verbose exit [ 1, true ]
